\BOOKMARK [1][-]{section.1}{Background}{}% 1
\BOOKMARK [2][-]{subsection.1.1}{Problem}{section.1}% 2
\BOOKMARK [2][-]{subsection.1.2}{Literature Survey}{section.1}% 3
\BOOKMARK [1][-]{section.2}{Methods}{}% 4
\BOOKMARK [2][-]{subsection.2.1}{Preprocessing}{section.2}% 5
\BOOKMARK [2][-]{subsection.2.2}{Classification}{section.2}% 6
\BOOKMARK [3][-]{subsubsection.2.2.1}{Decision Tree and Random Forest}{subsection.2.2}% 7
\BOOKMARK [3][-]{subsubsection.2.2.2}{Neural Networks}{subsection.2.2}% 8
\BOOKMARK [3][-]{subsubsection.2.2.3}{SVMs}{subsection.2.2}% 9
\BOOKMARK [1][-]{section.3}{Plan}{}% 10
\BOOKMARK [2][-]{subsection.3.1}{Hypothesis}{section.3}% 11
\BOOKMARK [2][-]{subsection.3.2}{Experimental Design}{section.3}% 12
\BOOKMARK [1][-]{section.4}{Experiments and Analysis}{}% 13
\BOOKMARK [2][-]{subsection.4.1}{Pre-Processing}{section.4}% 14
\BOOKMARK [2][-]{subsection.4.2}{Establishing the Baseline}{section.4}% 15
\BOOKMARK [2][-]{subsection.4.3}{Comparison of Classification Methologies}{section.4}% 16
\BOOKMARK [2][-]{subsection.4.4}{Comparison of Encoding Methodologies}{section.4}% 17
\BOOKMARK [2][-]{subsection.4.5}{Feature Importance Analysis}{section.4}% 18
\BOOKMARK [2][-]{subsection.4.6}{Experiment Results}{section.4}% 19
\BOOKMARK [1][-]{section.5}{Conclusion}{}% 20
\BOOKMARK [1][-]{section.6}{Future Work}{}% 21
